Performing C SOURCE FILE Test CMAKE_HAVE_LIBC_PTHREAD failed with the following output:
Change Dir: /home/dhruv/repos/OpenStreetMap-Route-Planner/build/CMakeFiles/CMakeTmp

Run Build Command(s):/home/dhruv/mambaforge/envs/cpp/bin/make -f Makefile cmTC_6a59a/fast && /home/dhruv/mambaforge/envs/cpp/bin/make  -f CMakeFiles/cmTC_6a59a.dir/build.make CMakeFiles/cmTC_6a59a.dir/build
make[1]: Entering directory '/home/dhruv/repos/OpenStreetMap-Route-Planner/build/CMakeFiles/CMakeTmp'
Building C object CMakeFiles/cmTC_6a59a.dir/src.c.o
/home/dhruv/mambaforge/envs/cpp/bin/x86_64-conda-linux-gnu-cc -DCMAKE_HAVE_LIBC_PTHREAD  -march=nocona -mtune=haswell -ftree-vectorize -fPIC -fstack-protector-strong -fno-plt -O2 -ffunction-sections -pipe -isystem /home/dhruv/mambaforge/envs/cpp/include  -o CMakeFiles/cmTC_6a59a.dir/src.c.o -c /home/dhruv/repos/OpenStreetMap-Route-Planner/build/CMakeFiles/CMakeTmp/src.c
Linking C executable cmTC_6a59a
/home/dhruv/mambaforge/envs/cpp/bin/cmake -E cmake_link_script CMakeFiles/cmTC_6a59a.dir/link.txt --verbose=1
/home/dhruv/mambaforge/envs/cpp/bin/x86_64-conda-linux-gnu-cc -march=nocona -mtune=haswell -ftree-vectorize -fPIC -fstack-protector-strong -fno-plt -O2 -ffunction-sections -pipe -isystem /home/dhruv/mambaforge/envs/cpp/include  -Wl,-O2 -Wl,--sort-common -Wl,--as-needed -Wl,-z,relro -Wl,-z,now -Wl,--disable-new-dtags -Wl,--gc-sections -Wl,-rpath,/home/dhruv/mambaforge/envs/cpp/lib -Wl,-rpath-link,/home/dhruv/mambaforge/envs/cpp/lib -L/home/dhruv/mambaforge/envs/cpp/lib  CMakeFiles/cmTC_6a59a.dir/src.c.o -o cmTC_6a59a 
/home/dhruv/mambaforge/envs/cpp/bin/../lib/gcc/x86_64-conda-linux-gnu/11.1.0/../../../../x86_64-conda-linux-gnu/bin/ld: CMakeFiles/cmTC_6a59a.dir/src.c.o: in function `main':
src.c:(.text.startup.main+0x24): undefined reference to `pthread_create'
/home/dhruv/mambaforge/envs/cpp/bin/../lib/gcc/x86_64-conda-linux-gnu/11.1.0/../../../../x86_64-conda-linux-gnu/bin/ld: src.c:(.text.startup.main+0x2e): undefined reference to `pthread_detach'
/home/dhruv/mambaforge/envs/cpp/bin/../lib/gcc/x86_64-conda-linux-gnu/11.1.0/../../../../x86_64-conda-linux-gnu/bin/ld: src.c:(.text.startup.main+0x38): undefined reference to `pthread_cancel'
/home/dhruv/mambaforge/envs/cpp/bin/../lib/gcc/x86_64-conda-linux-gnu/11.1.0/../../../../x86_64-conda-linux-gnu/bin/ld: src.c:(.text.startup.main+0x44): undefined reference to `pthread_join'
/home/dhruv/mambaforge/envs/cpp/bin/../lib/gcc/x86_64-conda-linux-gnu/11.1.0/../../../../x86_64-conda-linux-gnu/bin/ld: src.c:(.text.startup.main+0x50): undefined reference to `pthread_atfork'
collect2: error: ld returned 1 exit status
make[1]: *** [CMakeFiles/cmTC_6a59a.dir/build.make:99: cmTC_6a59a] Error 1
make[1]: Leaving directory '/home/dhruv/repos/OpenStreetMap-Route-Planner/build/CMakeFiles/CMakeTmp'
make: *** [Makefile:127: cmTC_6a59a/fast] Error 2


Source file was:
#include <pthread.h>

static void* test_func(void* data)
{
  return data;
}

int main(void)
{
  pthread_t thread;
  pthread_create(&thread, NULL, test_func, NULL);
  pthread_detach(thread);
  pthread_cancel(thread);
  pthread_join(thread, NULL);
  pthread_atfork(NULL, NULL, NULL);
  pthread_exit(NULL);

  return 0;
}

Determining if the function pthread_create exists in the pthreads failed with the following output:
Change Dir: /home/dhruv/repos/OpenStreetMap-Route-Planner/build/CMakeFiles/CMakeTmp

Run Build Command(s):/home/dhruv/mambaforge/envs/cpp/bin/make -f Makefile cmTC_f09d2/fast && /home/dhruv/mambaforge/envs/cpp/bin/make  -f CMakeFiles/cmTC_f09d2.dir/build.make CMakeFiles/cmTC_f09d2.dir/build
make[1]: Entering directory '/home/dhruv/repos/OpenStreetMap-Route-Planner/build/CMakeFiles/CMakeTmp'
Building C object CMakeFiles/cmTC_f09d2.dir/CheckFunctionExists.c.o
/home/dhruv/mambaforge/envs/cpp/bin/x86_64-conda-linux-gnu-cc   -march=nocona -mtune=haswell -ftree-vectorize -fPIC -fstack-protector-strong -fno-plt -O2 -ffunction-sections -pipe -isystem /home/dhruv/mambaforge/envs/cpp/include -DCHECK_FUNCTION_EXISTS=pthread_create -o CMakeFiles/cmTC_f09d2.dir/CheckFunctionExists.c.o -c /home/dhruv/mambaforge/envs/cpp/share/cmake-3.21/Modules/CheckFunctionExists.c
Linking C executable cmTC_f09d2
/home/dhruv/mambaforge/envs/cpp/bin/cmake -E cmake_link_script CMakeFiles/cmTC_f09d2.dir/link.txt --verbose=1
/home/dhruv/mambaforge/envs/cpp/bin/x86_64-conda-linux-gnu-cc -march=nocona -mtune=haswell -ftree-vectorize -fPIC -fstack-protector-strong -fno-plt -O2 -ffunction-sections -pipe -isystem /home/dhruv/mambaforge/envs/cpp/include -DCHECK_FUNCTION_EXISTS=pthread_create -Wl,-O2 -Wl,--sort-common -Wl,--as-needed -Wl,-z,relro -Wl,-z,now -Wl,--disable-new-dtags -Wl,--gc-sections -Wl,-rpath,/home/dhruv/mambaforge/envs/cpp/lib -Wl,-rpath-link,/home/dhruv/mambaforge/envs/cpp/lib -L/home/dhruv/mambaforge/envs/cpp/lib  CMakeFiles/cmTC_f09d2.dir/CheckFunctionExists.c.o -o cmTC_f09d2  -lpthreads 
/home/dhruv/mambaforge/envs/cpp/bin/../lib/gcc/x86_64-conda-linux-gnu/11.1.0/../../../../x86_64-conda-linux-gnu/bin/ld: cannot find -lpthreads
collect2: error: ld returned 1 exit status
make[1]: *** [CMakeFiles/cmTC_f09d2.dir/build.make:99: cmTC_f09d2] Error 1
make[1]: Leaving directory '/home/dhruv/repos/OpenStreetMap-Route-Planner/build/CMakeFiles/CMakeTmp'
make: *** [Makefile:127: cmTC_f09d2/fast] Error 2



